<?xml version="1.0" encoding="UTF-8"?>
<testsuite name="com.sanket.gradlePractice.HelloWorldTest" tests="1" skipped="0" failures="0" errors="0" timestamp="2018-10-30T04:49:45" hostname="Sankets-MacBook-Pro.local" time="0.001">
  <properties/>
  <testcase name="getGreeting" classname="com.sanket.gradlePractice.HelloWorldTest" time="0.001"/>
  <system-out><![CDATA[]]></system-out>
  <system-err><![CDATA[]]></system-err>
</testsuite>
